0 info it worked if it ends with ok
1 verbose cli [ '/usr/local/bin/node',
1 verbose cli   '/home/nghia/.npm-packages/bin/npm',
1 verbose cli   'view' ]
2 info using npm@3.7.3
3 info using node@v5.4.1
4 silly mapToRegistry name gulpAngular
5 silly mapToRegistry using default registry
6 silly mapToRegistry registry https://registry.npmjs.org/
7 silly mapToRegistry uri https://registry.npmjs.org/gulpAngular
8 verbose request uri https://registry.npmjs.org/gulpAngular
9 verbose request no auth needed
10 info attempt registry request try #1 at 5:19:13 PM
11 verbose request using bearer token for auth
12 verbose request id 08ee8f4e5467fbee
13 http request GET https://registry.npmjs.org/gulpAngular
14 http 404 https://registry.npmjs.org/gulpAngular
15 verbose headers { 'content-type': 'application/json',
15 verbose headers   'cache-control': 'max-age=0',
15 verbose headers   'content-length': '2',
15 verbose headers   'accept-ranges': 'bytes',
15 verbose headers   date: 'Thu, 14 Apr 2016 21:19:14 GMT',
15 verbose headers   via: '1.1 varnish',
15 verbose headers   connection: 'keep-alive',
15 verbose headers   'x-served-by': 'cache-atl6234-ATL',
15 verbose headers   'x-cache': 'MISS',
15 verbose headers   'x-cache-hits': '0',
15 verbose headers   'x-timer': 'S1460668754.369216,VS0,VE330',
15 verbose headers   vary: 'Accept-Encoding' }
16 silly get cb [ 404,
16 silly get   { 'content-type': 'application/json',
16 silly get     'cache-control': 'max-age=0',
16 silly get     'content-length': '2',
16 silly get     'accept-ranges': 'bytes',
16 silly get     date: 'Thu, 14 Apr 2016 21:19:14 GMT',
16 silly get     via: '1.1 varnish',
16 silly get     connection: 'keep-alive',
16 silly get     'x-served-by': 'cache-atl6234-ATL',
16 silly get     'x-cache': 'MISS',
16 silly get     'x-cache-hits': '0',
16 silly get     'x-timer': 'S1460668754.369216,VS0,VE330',
16 silly get     vary: 'Accept-Encoding' } ]
17 verbose stack Error: Registry returned 404 for GET on https://registry.npmjs.org/gulpAngular
17 verbose stack     at makeError (/home/nghia/.npm-packages/lib/node_modules/npm/node_modules/npm-registry-client/lib/request.js:264:12)
17 verbose stack     at CachingRegistryClient.<anonymous> (/home/nghia/.npm-packages/lib/node_modules/npm/node_modules/npm-registry-client/lib/request.js:242:14)
17 verbose stack     at Request._callback (/home/nghia/.npm-packages/lib/node_modules/npm/node_modules/npm-registry-client/lib/request.js:172:14)
17 verbose stack     at Request.self.callback (/home/nghia/.npm-packages/lib/node_modules/npm/node_modules/request/request.js:199:22)
17 verbose stack     at emitTwo (events.js:87:13)
17 verbose stack     at Request.emit (events.js:172:7)
17 verbose stack     at Request.<anonymous> (/home/nghia/.npm-packages/lib/node_modules/npm/node_modules/request/request.js:1036:10)
17 verbose stack     at emitOne (events.js:82:20)
17 verbose stack     at Request.emit (events.js:169:7)
17 verbose stack     at IncomingMessage.<anonymous> (/home/nghia/.npm-packages/lib/node_modules/npm/node_modules/request/request.js:963:12)
18 verbose statusCode 404
19 verbose pkgid gulpAngular
20 verbose cwd /home/nghia/workplace/my/fullstack/pm-client
21 error Linux 3.16.0-70-generic
22 error argv "/usr/local/bin/node" "/home/nghia/.npm-packages/bin/npm" "view"
23 error node v5.4.1
24 error npm  v3.7.3
25 error code E404
26 error 404 Registry returned 404 for GET on https://registry.npmjs.org/gulpAngular
27 error 404
28 error 404 'gulpAngular' is not in the npm registry.
29 error 404 Your package name is not valid, because
30 error 404 1. name can no longer contain capital letters
31 error 404 Note that you can also install from a
32 error 404 tarball, folder, http url, or git url.
33 verbose exit [ 1, true ]
